{"C:\\Users\\Gabriel\\Downloads\\pty\\jest-ts-archetype\\src\\index.ts": {"path":"C:\\Users\\Gabriel\\Downloads\\pty\\jest-ts-archetype\\src\\index.ts","statementMap":{"0":{"start":{"line":2,"column":0},"end":{"line":2,"column":16}},"1":{"start":{"line":3,"column":2},"end":{"line":3,"column":15}}},"fnMap":{"0":{"name":"sum","decl":{"start":{"line":2,"column":16},"end":{"line":2,"column":19}},"loc":{"start":{"line":2,"column":40},"end":{"line":4,"column":1}}}},"branchMap":{},"s":{"0":1,"1":1},"f":{"0":1},"b":{}}
}
